<?xml version="1.0" encoding="UTF-8"?>
<robot generator="Robot 5.0.1 (Python 3.10.6 on darwin)" generated="20220825 11:20:54.106" rpa="false" schemaversion="3">
<suite id="s1" name="UdemySearch" source="/Users/vysleepnhuheo/Desktop/RobotFramework/Tests/UdemyCheck/FunctionalTestSuite/UdemySearch.robot">
<test id="s1-t1" name="This is a sample test case" line="10">
<kw name="Open Browser" library="SeleniumLibrary">
<arg>https://www.udemy.com</arg>
<arg>chrome</arg>
<doc>Opens a new browser instance to the optional ``url``.</doc>
<msg timestamp="20220825 11:20:54.451" level="INFO">Opening browser 'chrome' to base url 'https://www.udemy.com'.</msg>
<status status="PASS" starttime="20220825 11:20:54.450" endtime="20220825 11:21:00.328"/>
</kw>
<kw name="Close Browser" library="SeleniumLibrary">
<doc>Closes the current browser.</doc>
<status status="PASS" starttime="20220825 11:21:00.329" endtime="20220825 11:21:00.508"/>
</kw>
<doc>Udemy test</doc>
<tag>regression</tag>
<status status="PASS" starttime="20220825 11:20:54.447" endtime="20220825 11:21:00.509"/>
</test>
<status status="PASS" starttime="20220825 11:20:54.109" endtime="20220825 11:21:00.511"/>
</suite>
<statistics>
<total>
<stat pass="1" fail="0" skip="0">All Tests</stat>
</total>
<tag>
<stat pass="1" fail="0" skip="0">regression</stat>
</tag>
<suite>
<stat pass="1" fail="0" skip="0" id="s1" name="UdemySearch">UdemySearch</stat>
</suite>
</statistics>
<errors>
</errors>
</robot>
